<?xml version="1.0" encoding="UTF-8"?>
<testng-results ignored="0" total="1" passed="1" failed="0" skipped="0">
  <reporter-output>
    <line>
      <![CDATA[Hello selenium]]>
    </line>
  </reporter-output>
  <suite started-at="2021-02-02T02:19:56Z" name="Default suite" finished-at="2021-02-02T02:19:56Z" duration-ms="90">
    <groups>
    </groups>
    <test started-at="2021-02-02T02:19:56Z" name="Default test" finished-at="2021-02-02T02:19:56Z" duration-ms="90">
      <class name="jenkins.Test0">
        <test-method signature="demo()[pri:0, instance:jenkins.Test0@71e9ddb4]" started-at="2021-02-02T02:19:56Z" name="demo" finished-at="2021-02-02T02:19:56Z" duration-ms="37" status="PASS">
          <reporter-output>
            <line>
              <![CDATA[Hello selenium]]>
            </line>
          </reporter-output>
        </test-method> <!-- demo -->
      </class> <!-- jenkins.Test0 -->
    </test> <!-- Default test -->
  </suite> <!-- Default suite -->
</testng-results>
